<?xml version="1.0" encoding="UTF-8"?>
<!-- Generated by org.testng.reporters.JUnitXMLReporter -->
<testsuite ignored="0" hostname="Mayank-Macbook.local" failures="0" tests="9" name="Surefire test" time="20.86" errors="0" timestamp="2022-11-17T08:23:43 IST">
  <testcase classname="com.FirstMavenProject.TestNGAnno" name="test2" time="0.002"/>
  <testcase classname="com.FirstMavenProject.TestNGAnno" name="test6" time="0.0"/>
  <testcase classname="com.FirstMavenProject.TestNGAnno" name="test7" time="0.0"/>
  <testcase classname="com.FirstMavenProject.TestNGAnno" name="test8" time="0.0"/>
  <testcase classname="com.FirstMavenProject.TestNGAnno" name="test9" time="0.001"/>
  <testcase classname="com.FirstMavenProject.TestNGAnno" name="test4" time="0.0"/>
  <testcase classname="com.FirstMavenProject.TestNGAnno" name="test5" time="0.0"/>
  <testcase classname="com.FirstMavenProject.TestNGExample" name="test1" time="11.411"/>
  <testcase classname="com.FirstMavenProject.TestNGPractice" name="test1" time="9.38"/>
</testsuite> <!-- Surefire test -->
