<?xml version="1.0" encoding="UTF-8"?>
<testng-results ignored="0" total="9" passed="9" failed="0" skipped="0">
  <reporter-output>
  </reporter-output>
  <suite started-at="2022-11-17T08:23:22 IST" name="Surefire suite" finished-at="2022-11-17T08:23:43 IST" duration-ms="20860">
    <groups>
    </groups>
    <test started-at="2022-11-17T08:23:22 IST" name="Surefire test" finished-at="2022-11-17T08:23:43 IST" duration-ms="20860">
      <class name="com.FirstMavenProject.TestNGExample">
        <test-method signature="test1()[pri:0, instance:com.FirstMavenProject.TestNGExample@8e0379d]" started-at="2022-11-17T08:23:22 IST" name="test1" finished-at="2022-11-17T08:23:33 IST" duration-ms="11411" status="PASS">
          <reporter-output>
          </reporter-output>
        </test-method> <!-- test1 -->
      </class> <!-- com.FirstMavenProject.TestNGExample -->
      <class name="com.FirstMavenProject.TestNGAnno">
        <test-method is-config="true" signature="test4()[pri:0, instance:com.FirstMavenProject.TestNGAnno@29f69090]" started-at="2022-11-17T08:23:22 IST" name="test4" finished-at="2022-11-17T08:23:22 IST" duration-ms="12" status="PASS">
          <reporter-output>
          </reporter-output>
        </test-method> <!-- test4 -->
        <test-method is-config="true" signature="test1()[pri:0, instance:com.FirstMavenProject.TestNGAnno@29f69090]" started-at="2022-11-17T08:23:22 IST" name="test1" finished-at="2022-11-17T08:23:22 IST" duration-ms="0" status="PASS">
          <reporter-output>
          </reporter-output>
        </test-method> <!-- test1 -->
        <test-method is-config="true" signature="test7()[pri:0, instance:com.FirstMavenProject.TestNGAnno@29f69090]" started-at="2022-11-17T08:23:22 IST" name="test7" finished-at="2022-11-17T08:23:22 IST" duration-ms="0" status="PASS">
          <reporter-output>
          </reporter-output>
        </test-method> <!-- test7 -->
        <test-method signature="test2()[pri:0, instance:com.FirstMavenProject.TestNGAnno@29f69090]" started-at="2022-11-17T08:23:22 IST" name="test2" finished-at="2022-11-17T08:23:22 IST" duration-ms="2" status="PASS">
          <reporter-output>
          </reporter-output>
        </test-method> <!-- test2 -->
        <test-method is-config="true" signature="test8()[pri:0, instance:com.FirstMavenProject.TestNGAnno@29f69090]" started-at="2022-11-17T08:23:22 IST" name="test8" finished-at="2022-11-17T08:23:22 IST" duration-ms="0" status="PASS">
          <reporter-output>
          </reporter-output>
        </test-method> <!-- test8 -->
        <test-method is-config="true" signature="test7()[pri:0, instance:com.FirstMavenProject.TestNGAnno@29f69090]" started-at="2022-11-17T08:23:22 IST" name="test7" finished-at="2022-11-17T08:23:22 IST" duration-ms="0" status="PASS">
          <reporter-output>
          </reporter-output>
        </test-method> <!-- test7 -->
        <test-method signature="test6()[pri:0, instance:com.FirstMavenProject.TestNGAnno@29f69090]" started-at="2022-11-17T08:23:22 IST" name="test6" finished-at="2022-11-17T08:23:22 IST" duration-ms="0" status="PASS">
          <reporter-output>
          </reporter-output>
        </test-method> <!-- test6 -->
        <test-method is-config="true" signature="test8()[pri:0, instance:com.FirstMavenProject.TestNGAnno@29f69090]" started-at="2022-11-17T08:23:22 IST" name="test8" finished-at="2022-11-17T08:23:22 IST" duration-ms="0" status="PASS">
          <reporter-output>
          </reporter-output>
        </test-method> <!-- test8 -->
        <test-method signature="test7()[pri:0, instance:com.FirstMavenProject.TestNGAnno@29f69090]" started-at="2022-11-17T08:23:22 IST" name="test7" finished-at="2022-11-17T08:23:22 IST" duration-ms="0" status="PASS">
          <reporter-output>
          </reporter-output>
        </test-method> <!-- test7 -->
        <test-method is-config="true" signature="test7()[pri:0, instance:com.FirstMavenProject.TestNGAnno@29f69090]" started-at="2022-11-17T08:23:22 IST" name="test7" finished-at="2022-11-17T08:23:22 IST" duration-ms="0" status="PASS">
          <reporter-output>
          </reporter-output>
        </test-method> <!-- test7 -->
        <test-method is-config="true" signature="test8()[pri:0, instance:com.FirstMavenProject.TestNGAnno@29f69090]" started-at="2022-11-17T08:23:22 IST" name="test8" finished-at="2022-11-17T08:23:22 IST" duration-ms="0" status="PASS">
          <reporter-output>
          </reporter-output>
        </test-method> <!-- test8 -->
        <test-method signature="test8()[pri:0, instance:com.FirstMavenProject.TestNGAnno@29f69090]" started-at="2022-11-17T08:23:22 IST" name="test8" finished-at="2022-11-17T08:23:22 IST" duration-ms="0" status="PASS">
          <reporter-output>
          </reporter-output>
        </test-method> <!-- test8 -->
        <test-method is-config="true" signature="test8()[pri:0, instance:com.FirstMavenProject.TestNGAnno@29f69090]" started-at="2022-11-17T08:23:22 IST" name="test8" finished-at="2022-11-17T08:23:22 IST" duration-ms="1" status="PASS">
          <reporter-output>
          </reporter-output>
        </test-method> <!-- test8 -->
        <test-method is-config="true" signature="test7()[pri:0, instance:com.FirstMavenProject.TestNGAnno@29f69090]" started-at="2022-11-17T08:23:22 IST" name="test7" finished-at="2022-11-17T08:23:22 IST" duration-ms="0" status="PASS">
          <reporter-output>
          </reporter-output>
        </test-method> <!-- test7 -->
        <test-method signature="test9()[pri:0, instance:com.FirstMavenProject.TestNGAnno@29f69090]" started-at="2022-11-17T08:23:22 IST" name="test9" finished-at="2022-11-17T08:23:22 IST" duration-ms="1" status="PASS">
          <reporter-output>
          </reporter-output>
        </test-method> <!-- test9 -->
        <test-method is-config="true" signature="test7()[pri:0, instance:com.FirstMavenProject.TestNGAnno@29f69090]" started-at="2022-11-17T08:23:22 IST" name="test7" finished-at="2022-11-17T08:23:22 IST" duration-ms="0" status="PASS">
          <reporter-output>
          </reporter-output>
        </test-method> <!-- test7 -->
        <test-method is-config="true" signature="test8()[pri:0, instance:com.FirstMavenProject.TestNGAnno@29f69090]" started-at="2022-11-17T08:23:22 IST" name="test8" finished-at="2022-11-17T08:23:22 IST" duration-ms="0" status="PASS">
          <reporter-output>
          </reporter-output>
        </test-method> <!-- test8 -->
        <test-method is-config="true" signature="test7()[pri:0, instance:com.FirstMavenProject.TestNGAnno@29f69090]" started-at="2022-11-17T08:23:22 IST" name="test7" finished-at="2022-11-17T08:23:22 IST" duration-ms="0" status="PASS">
          <reporter-output>
          </reporter-output>
        </test-method> <!-- test7 -->
        <test-method signature="test4()[pri:0, instance:com.FirstMavenProject.TestNGAnno@29f69090]" started-at="2022-11-17T08:23:22 IST" name="test4" finished-at="2022-11-17T08:23:22 IST" duration-ms="0" status="PASS">
          <reporter-output>
          </reporter-output>
        </test-method> <!-- test4 -->
        <test-method is-config="true" signature="test8()[pri:0, instance:com.FirstMavenProject.TestNGAnno@29f69090]" started-at="2022-11-17T08:23:22 IST" name="test8" finished-at="2022-11-17T08:23:22 IST" duration-ms="1" status="PASS">
          <reporter-output>
          </reporter-output>
        </test-method> <!-- test8 -->
        <test-method signature="test5()[pri:0, instance:com.FirstMavenProject.TestNGAnno@29f69090]" started-at="2022-11-17T08:23:22 IST" name="test5" finished-at="2022-11-17T08:23:22 IST" depends-on-methods="com.FirstMavenProject.TestNGAnno.test2" duration-ms="0" status="PASS">
          <reporter-output>
          </reporter-output>
        </test-method> <!-- test5 -->
        <test-method is-config="true" signature="test7()[pri:0, instance:com.FirstMavenProject.TestNGAnno@29f69090]" started-at="2022-11-17T08:23:22 IST" name="test7" finished-at="2022-11-17T08:23:22 IST" duration-ms="0" status="PASS">
          <reporter-output>
          </reporter-output>
        </test-method> <!-- test7 -->
        <test-method is-config="true" signature="test3()[pri:0, instance:com.FirstMavenProject.TestNGAnno@29f69090]" started-at="2022-11-17T08:23:22 IST" name="test3" finished-at="2022-11-17T08:23:22 IST" duration-ms="1" status="PASS">
          <reporter-output>
          </reporter-output>
        </test-method> <!-- test3 -->
        <test-method is-config="true" signature="test8()[pri:0, instance:com.FirstMavenProject.TestNGAnno@29f69090]" started-at="2022-11-17T08:23:22 IST" name="test8" finished-at="2022-11-17T08:23:22 IST" duration-ms="0" status="PASS">
          <reporter-output>
          </reporter-output>
        </test-method> <!-- test8 -->
        <test-method is-config="true" signature="test9()[pri:0, instance:com.FirstMavenProject.TestNGAnno@29f69090]" started-at="2022-11-17T08:23:43 IST" name="test9" finished-at="2022-11-17T08:23:43 IST" duration-ms="0" status="PASS">
          <reporter-output>
          </reporter-output>
        </test-method> <!-- test9 -->
      </class> <!-- com.FirstMavenProject.TestNGAnno -->
      <class name="com.FirstMavenProject.TestNGPractice">
        <test-method signature="test1()[pri:0, instance:com.FirstMavenProject.TestNGPractice@341b80b2]" started-at="2022-11-17T08:23:33 IST" name="test1" finished-at="2022-11-17T08:23:43 IST" duration-ms="9380" status="PASS">
          <reporter-output>
          </reporter-output>
        </test-method> <!-- test1 -->
      </class> <!-- com.FirstMavenProject.TestNGPractice -->
    </test> <!-- Surefire test -->
  </suite> <!-- Surefire suite -->
</testng-results>
