<?xml version="1.0" encoding="UTF-8"?>
<testng-results ignored="0" total="1" passed="1" failed="0" skipped="0">
  <reporter-output>
  </reporter-output>
  <suite started-at="2022-11-17T08:17:23 IST" name="Failed suite [Suite]" finished-at="2022-11-17T08:17:35 IST" duration-ms="11107">
    <groups>
    </groups>
    <test started-at="2022-11-17T08:17:23 IST" name="Test(failed)" finished-at="2022-11-17T08:17:35 IST" duration-ms="11107">
      <class name="com.FirstMavenProject.TestNGExample">
        <test-method signature="test1()[pri:0, instance:com.FirstMavenProject.TestNGExample@5e82df6a]" started-at="2022-11-17T08:17:24 IST" name="test1" finished-at="2022-11-17T08:17:35 IST" duration-ms="11058" status="PASS">
          <reporter-output>
          </reporter-output>
        </test-method> <!-- test1 -->
      </class> <!-- com.FirstMavenProject.TestNGExample -->
    </test> <!-- Test(failed) -->
  </suite> <!-- Failed suite [Suite] -->
</testng-results>
